<?xml version="1.0" encoding="UTF-8" ?>
<testsuite failures="0" time="0.597" errors="0" skipped="0" tests="24" name="es.udc.jcastedo.NosaTenda.test.model.reservaService.ReservaServiceTest">
  <properties>
    <property name="java.runtime.name" value="Java(TM) SE Runtime Environment"/>
    <property name="sun.boot.library.path" value="/System/Library/Java/JavaVirtualMachines/1.6.0.jdk/Contents/Libraries"/>
    <property name="java.vm.version" value="20.65-b04-462"/>
    <property name="awt.nativeDoubleBuffering" value="true"/>
    <property name="gopherProxySet" value="false"/>
    <property name="mrj.build" value="10M4609"/>
    <property name="java.vm.vendor" value="Apple Inc."/>
    <property name="java.vendor.url" value="http://www.apple.com/"/>
    <property name="path.separator" value=":"/>
    <property name="guice.disable.misplaced.annotation.check" value="true"/>
    <property name="java.vm.name" value="Java HotSpot(TM) 64-Bit Server VM"/>
    <property name="file.encoding.pkg" value="sun.io"/>
    <property name="user.country" value="ES"/>
    <property name="sun.java.launcher" value="SUN_STANDARD"/>
    <property name="sun.os.patch.level" value="unknown"/>
    <property name="java.vm.specification.name" value="Java Virtual Machine Specification"/>
    <property name="user.dir" value="/Users/jmcastedo/pfc/workspace_2014_Web/NosaTenda/NosaTenda-model"/>
    <property name="java.runtime.version" value="1.6.0_65-b14-462-10M4609"/>
    <property name="java.awt.graphicsenv" value="apple.awt.CGraphicsEnvironment"/>
    <property name="java.endorsed.dirs" value="/System/Library/Java/JavaVirtualMachines/1.6.0.jdk/Contents/Home/lib/endorsed"/>
    <property name="os.arch" value="x86_64"/>
    <property name="java.io.tmpdir" value="/var/folders/PZ/PZvwUmGeFumBHBw9Hj30NE+++TI/-Tmp-/"/>
    <property name="line.separator" value="
"/>
    <property name="java.vm.specification.vendor" value="Sun Microsystems Inc."/>
    <property name="os.name" value="Mac OS X"/>
    <property name="classworlds.conf" value="/Users/jmcastedo/pfc/workspace_2014_Web/.metadata/.plugins/org.eclipse.m2e.launching/launches/m2conf4710639260377394998.tmp"/>
    <property name="sun.jnu.encoding" value="MacRoman"/>
    <property name="java.library.path" value=".:/Library/Java/Extensions:/System/Library/Java/Extensions:/usr/lib/java"/>
    <property name="java.specification.name" value="Java Platform API Specification"/>
    <property name="java.class.version" value="50.0"/>
    <property name="sun.management.compiler" value="HotSpot 64-Bit Tiered Compilers"/>
    <property name="os.version" value="10.6.8"/>
    <property name="http.nonProxyHosts" value="local|*.local|169.254/16|*.169.254/16"/>
    <property name="user.home" value="/Users/jmcastedo"/>
    <property name="user.timezone" value="Europe/Madrid"/>
    <property name="java.awt.printerjob" value="apple.awt.CPrinterJob"/>
    <property name="java.specification.version" value="1.6"/>
    <property name="file.encoding" value="UTF-8"/>
    <property name="user.name" value="jmcastedo"/>
    <property name="java.class.path" value="/Users/jmcastedo/pfc/Entorno_2014_Web/eclipse 2/configuration/org.eclipse.osgi/bundles/535/1/.cp/jars/plexus-classworlds-2.4.jar"/>
    <property name="java.vm.specification.version" value="1.0"/>
    <property name="sun.arch.data.model" value="64"/>
    <property name="java.home" value="/System/Library/Java/JavaVirtualMachines/1.6.0.jdk/Contents/Home"/>
    <property name="sun.java.command" value="org.codehaus.plexus.classworlds.launcher.Launcher -B test"/>
    <property name="java.specification.vendor" value="Sun Microsystems Inc."/>
    <property name="user.language" value="es"/>
    <property name="awt.toolkit" value="apple.awt.CToolkit"/>
    <property name="java.vm.info" value="mixed mode"/>
    <property name="java.version" value="1.6.0_65"/>
    <property name="java.ext.dirs" value="/Library/Java/Extensions:/System/Library/Java/Extensions:/System/Library/Java/JavaVirtualMachines/1.6.0.jdk/Contents/Home/lib/ext"/>
    <property name="sun.boot.class.path" value="/System/Library/Java/JavaVirtualMachines/1.6.0.jdk/Contents/Classes/jsfd.jar:/System/Library/Java/JavaVirtualMachines/1.6.0.jdk/Contents/Classes/classes.jar:/System/Library/Frameworks/JavaVM.framework/Frameworks/JavaRuntimeSupport.framework/Resources/Java/JavaRuntimeSupport.jar:/System/Library/Java/JavaVirtualMachines/1.6.0.jdk/Contents/Classes/ui.jar:/System/Library/Java/JavaVirtualMachines/1.6.0.jdk/Contents/Classes/laf.jar:/System/Library/Java/JavaVirtualMachines/1.6.0.jdk/Contents/Classes/sunrsasign.jar:/System/Library/Java/JavaVirtualMachines/1.6.0.jdk/Contents/Classes/jsse.jar:/System/Library/Java/JavaVirtualMachines/1.6.0.jdk/Contents/Classes/jce.jar:/System/Library/Java/JavaVirtualMachines/1.6.0.jdk/Contents/Classes/charsets.jar"/>
    <property name="java.vendor" value="Apple Inc."/>
    <property name="maven.home" value="/Users/jmcastedo/pfc/workspace_2014_Web/NosaTenda/NosaTenda-model/EMBEDDED"/>
    <property name="file.separator" value="/"/>
    <property name="java.vendor.url.bug" value="http://bugreport.apple.com/"/>
    <property name="maven.bootclasspath" value="/Users/jmcastedo/pfc/Entorno_2014_Web/eclipse 2/configuration/org.eclipse.osgi/bundles/535/1/.cp/jars/plexus-classworlds-2.4.jar"/>
    <property name="sun.cpu.endian" value="little"/>
    <property name="sun.io.unicode.encoding" value="UnicodeLittle"/>
    <property name="mrj.version" value="1060.1.6.0_65-462"/>
    <property name="socksNonProxyHosts" value="local|*.local|169.254/16|*.169.254/16"/>
    <property name="ftp.nonProxyHosts" value="local|*.local|169.254/16|*.169.254/16"/>
    <property name="sun.cpu.isalist" value=""/>
  </properties>
  <testcase time="0.075" classname="es.udc.jcastedo.NosaTenda.test.model.reservaService.ReservaServiceTest" name="testGetVentasDaoHibernate"/>
  <testcase time="0.009" classname="es.udc.jcastedo.NosaTenda.test.model.reservaService.ReservaServiceTest" name="testCancelarReserva"/>
  <testcase time="0.036" classname="es.udc.jcastedo.NosaTenda.test.model.reservaService.ReservaServiceTest" name="testGetVentasByProductoIdByRangoDaoHibernate"/>
  <testcase time="0.024" classname="es.udc.jcastedo.NosaTenda.test.model.reservaService.ReservaServiceTest" name="testGetVentasByProductoIdDaoHibernate"/>
  <testcase time="0.008" classname="es.udc.jcastedo.NosaTenda.test.model.reservaService.ReservaServiceTest" name="testEntregarReservaNotFound"/>
  <testcase time="0.005" classname="es.udc.jcastedo.NosaTenda.test.model.reservaService.ReservaServiceTest" name="testGetReservasEmpty"/>
  <testcase time="0.036" classname="es.udc.jcastedo.NosaTenda.test.model.reservaService.ReservaServiceTest" name="testGetVentasByTiendaIdDesgloseDaoHibernate"/>
  <testcase time="0.071" classname="es.udc.jcastedo.NosaTenda.test.model.reservaService.ReservaServiceTest" name="testGetVentasByCategoriaIdByTiendaIdDesgloseDaoHibernate"/>
  <testcase time="0.016" classname="es.udc.jcastedo.NosaTenda.test.model.reservaService.ReservaServiceTest" name="testReservaDaoHibernateFind"/>
  <testcase time="0.005" classname="es.udc.jcastedo.NosaTenda.test.model.reservaService.ReservaServiceTest" name="testGetReservasByIdNotFound"/>
  <testcase time="0.048" classname="es.udc.jcastedo.NosaTenda.test.model.reservaService.ReservaServiceTest" name="testGetVentasByCategoriaIdByTiendaIdDaoHibernate"/>
  <testcase time="0.038" classname="es.udc.jcastedo.NosaTenda.test.model.reservaService.ReservaServiceTest" name="testGetVentasByCategoriaIdDaoHibernate"/>
  <testcase time="0.022" classname="es.udc.jcastedo.NosaTenda.test.model.reservaService.ReservaServiceTest" name="testGetReservasById"/>
  <testcase time="0.009" classname="es.udc.jcastedo.NosaTenda.test.model.reservaService.ReservaServiceTest" name="testEntregarReserva"/>
  <testcase time="0.009" classname="es.udc.jcastedo.NosaTenda.test.model.reservaService.ReservaServiceTest" name="testCancelarReservaIncorrectState"/>
  <testcase time="0.026" classname="es.udc.jcastedo.NosaTenda.test.model.reservaService.ReservaServiceTest" name="testGetReservas"/>
  <testcase time="0.006" classname="es.udc.jcastedo.NosaTenda.test.model.reservaService.ReservaServiceTest" name="testReserveProductoNoProducto"/>
  <testcase time="0.008" classname="es.udc.jcastedo.NosaTenda.test.model.reservaService.ReservaServiceTest" name="testCancelarReservaNotFound"/>
  <testcase time="0.023" classname="es.udc.jcastedo.NosaTenda.test.model.reservaService.ReservaServiceTest" name="testGetVentasByTiendaIdDaoHibernate"/>
  <testcase time="0.008" classname="es.udc.jcastedo.NosaTenda.test.model.reservaService.ReservaServiceTest" name="testGetReservasByIdEmpty"/>
  <testcase time="0.005" classname="es.udc.jcastedo.NosaTenda.test.model.reservaService.ReservaServiceTest" name="testReserveProductoNoCliente"/>
  <testcase time="0.006" classname="es.udc.jcastedo.NosaTenda.test.model.reservaService.ReservaServiceTest" name="testReserveProducto"/>
  <testcase time="0.051" classname="es.udc.jcastedo.NosaTenda.test.model.reservaService.ReservaServiceTest" name="testGetVentasByCategoriaIdDesgloseDaoHibernate"/>
  <testcase time="0.006" classname="es.udc.jcastedo.NosaTenda.test.model.reservaService.ReservaServiceTest" name="testReservaLazy"/>
</testsuite>